Performing C++ SOURCE FILE Test COMPILER_KNOWS_STDLIB failed with the following output:
Change Dir: /mnt/c/Users/Jakson/Desktop/servidor original/servidor/build/CMakeFiles/CMakeTmp

Run Build Command:"/usr/bin/make" "cmTC_6d772/fast"
/usr/bin/make -f CMakeFiles/cmTC_6d772.dir/build.make CMakeFiles/cmTC_6d772.dir/build
make[1]: Entering directory '/mnt/c/Users/Jakson/Desktop/servidor original/servidor/build/CMakeFiles/CMakeTmp'
Building CXX object CMakeFiles/cmTC_6d772.dir/src.cxx.o
/usr/bin/c++     -DCOMPILER_KNOWS_STDLIB   -stdlib=libc++ -o CMakeFiles/cmTC_6d772.dir/src.cxx.o -c "/mnt/c/Users/Jakson/Desktop/servidor original/servidor/build/CMakeFiles/CMakeTmp/src.cxx"
c++: error: unrecognized command line option '-stdlib=libc++'
CMakeFiles/cmTC_6d772.dir/build.make:65: recipe for target 'CMakeFiles/cmTC_6d772.dir/src.cxx.o' failed
make[1]: *** [CMakeFiles/cmTC_6d772.dir/src.cxx.o] Error 1
make[1]: Leaving directory '/mnt/c/Users/Jakson/Desktop/servidor original/servidor/build/CMakeFiles/CMakeTmp'
Makefile:126: recipe for target 'cmTC_6d772/fast' failed
make: *** [cmTC_6d772/fast] Error 2

Source file was:
int main() { return 0; }
Determining if the pthread_create exist failed with the following output:
Change Dir: /mnt/c/Users/Jakson/Desktop/servidor original/servidor/build/CMakeFiles/CMakeTmp

Run Build Command:"/usr/bin/make" "cmTC_9670f/fast"
/usr/bin/make -f CMakeFiles/cmTC_9670f.dir/build.make CMakeFiles/cmTC_9670f.dir/build
make[1]: Entering directory '/mnt/c/Users/Jakson/Desktop/servidor original/servidor/build/CMakeFiles/CMakeTmp'
Building C object CMakeFiles/cmTC_9670f.dir/CheckSymbolExists.c.o
/usr/bin/cc     -o CMakeFiles/cmTC_9670f.dir/CheckSymbolExists.c.o   -c "/mnt/c/Users/Jakson/Desktop/servidor original/servidor/build/CMakeFiles/CMakeTmp/CheckSymbolExists.c"
Linking C executable cmTC_9670f
/usr/bin/cmake -E cmake_link_script CMakeFiles/cmTC_9670f.dir/link.txt --verbose=1
/usr/bin/cc       CMakeFiles/cmTC_9670f.dir/CheckSymbolExists.c.o  -o cmTC_9670f -rdynamic 
CMakeFiles/cmTC_9670f.dir/CheckSymbolExists.c.o: In function `main':
CheckSymbolExists.c:(.text+0x16): undefined reference to `pthread_create'
collect2: error: ld returned 1 exit status
CMakeFiles/cmTC_9670f.dir/build.make:97: recipe for target 'cmTC_9670f' failed
make[1]: *** [cmTC_9670f] Error 1
make[1]: Leaving directory '/mnt/c/Users/Jakson/Desktop/servidor original/servidor/build/CMakeFiles/CMakeTmp'
Makefile:126: recipe for target 'cmTC_9670f/fast' failed
make: *** [cmTC_9670f/fast] Error 2

File /mnt/c/Users/Jakson/Desktop/servidor original/servidor/build/CMakeFiles/CMakeTmp/CheckSymbolExists.c:
/* */
#include <pthread.h>

int main(int argc, char** argv)
{
  (void)argv;
#ifndef pthread_create
  return ((int*)(&pthread_create))[argc];
#else
  (void)argc;
  return 0;
#endif
}

Determining if the function pthread_create exists in the pthreads failed with the following output:
Change Dir: /mnt/c/Users/Jakson/Desktop/servidor original/servidor/build/CMakeFiles/CMakeTmp

Run Build Command:"/usr/bin/make" "cmTC_f8f1d/fast"
/usr/bin/make -f CMakeFiles/cmTC_f8f1d.dir/build.make CMakeFiles/cmTC_f8f1d.dir/build
make[1]: Entering directory '/mnt/c/Users/Jakson/Desktop/servidor original/servidor/build/CMakeFiles/CMakeTmp'
Building C object CMakeFiles/cmTC_f8f1d.dir/CheckFunctionExists.c.o
/usr/bin/cc    -DCHECK_FUNCTION_EXISTS=pthread_create   -o CMakeFiles/cmTC_f8f1d.dir/CheckFunctionExists.c.o   -c /usr/share/cmake-3.5/Modules/CheckFunctionExists.c
Linking C executable cmTC_f8f1d
/usr/bin/cmake -E cmake_link_script CMakeFiles/cmTC_f8f1d.dir/link.txt --verbose=1
/usr/bin/cc   -DCHECK_FUNCTION_EXISTS=pthread_create    CMakeFiles/cmTC_f8f1d.dir/CheckFunctionExists.c.o  -o cmTC_f8f1d -rdynamic -lpthreads 
/usr/bin/ld: cannot find -lpthreads
collect2: error: ld returned 1 exit status
CMakeFiles/cmTC_f8f1d.dir/build.make:97: recipe for target 'cmTC_f8f1d' failed
make[1]: *** [cmTC_f8f1d] Error 1
make[1]: Leaving directory '/mnt/c/Users/Jakson/Desktop/servidor original/servidor/build/CMakeFiles/CMakeTmp'
Makefile:126: recipe for target 'cmTC_f8f1d/fast' failed
make: *** [cmTC_f8f1d/fast] Error 2


